This is pdfTeX, Version 3.141592653-2.6-1.40.24 (TeX Live 2022/nixos.org) (preloaded format=pdflatex 1980.1.1)  4 NOV 2024 16:45
entering extended mode
 restricted \write18 enabled.
 file:line:error style messages enabled.
 %&-line parsing enabled.
**"Network Algorithms.tex"
(./Network Algorithms.tex
LaTeX2e <2022-11-01> patch level 1
L3 programming layer <2023-02-22> (/nix/store/if9hzswfxb11y6jlqd9kvxd9a8117ld3-texlive-combined-2022-texmfdist/tex/latex/base/report.cls
Document Class: report 2022/07/02 v1.4n Standard LaTeX document class
(/nix/store/if9hzswfxb11y6jlqd9kvxd9a8117ld3-texlive-combined-2022-texmfdist/tex/latex/base/size12.clo
File: size12.clo 2022/07/02 v1.4n Standard LaTeX file (size option)
)
\c@part=\count185
\c@chapter=\count186
\c@section=\count187
\c@subsection=\count188
\c@subsubsection=\count189
\c@paragraph=\count190
\c@subparagraph=\count191
\c@figure=\count192
\c@table=\count193
\abovecaptionskip=\skip48
\belowcaptionskip=\skip49
\bibindent=\dimen140
) (/nix/store/if9hzswfxb11y6jlqd9kvxd9a8117ld3-texlive-combined-2022-texmfdist/tex/latex/xcolor/xcolor.sty
Package: xcolor 2022/06/12 v2.14 LaTeX color extensions (UK)
 (/nix/store/if9hzswfxb11y6jlqd9kvxd9a8117ld3-texlive-combined-2022-texmfdist/tex/latex/graphics-cfg/color.cfg
File: color.cfg 2016/01/02 v1.6 sample color configuration
)
Package xcolor Info: Driver file: pdftex.def on input line 227.
 (/nix/store/if9hzswfxb11y6jlqd9kvxd9a8117ld3-texlive-combined-2022-texmfdist/tex/latex/graphics-def/pdftex.def
File: pdftex.def 2022/09/22 v1.2b Graphics/color driver for pdftex
) (/nix/store/if9hzswfxb11y6jlqd9kvxd9a8117ld3-texlive-combined-2022-texmfdist/tex/latex/graphics/mathcolor.ltx)
Package xcolor Info: Model `cmy' substituted by `cmy0' on input line 1353.
Package xcolor Info: Model `hsb' substituted by `rgb' on input line 1357.
Package xcolor Info: Model `RGB' extended on input line 1369.
Package xcolor Info: Model `HTML' substituted by `rgb' on input line 1371.
Package xcolor Info: Model `Hsb' substituted by `hsb' on input line 1372.
Package xcolor Info: Model `tHsb' substituted by `hsb' on input line 1373.
Package xcolor Info: Model `HSB' substituted by `hsb' on input line 1374.
Package xcolor Info: Model `Gray' substituted by `gray' on input line 1375.
Package xcolor Info: Model `wave' substituted by `hsb' on input line 1376.
 (/nix/store/if9hzswfxb11y6jlqd9kvxd9a8117ld3-texlive-combined-2022-texmfdist/tex/latex/graphics/dvipsnam.def
File: dvipsnam.def 2016/06/17 v3.0m Driver-dependent file (DPC,SPQR)
)) (../../packages/Nyx/nyx-packages.sty

LaTeX Warning: You have requested package `../../packages/Nyx/nyx-packages',
               but the package provides `nyx-packages'.

Package: nyx-packages Nyx Required Packages
(/nix/store/if9hzswfxb11y6jlqd9kvxd9a8117ld3-texlive-combined-2022-texmfdist/tex/latex/base/inputenc.sty
Package: inputenc 2021/02/14 v1.3d Input encoding file
\inpenc@prehook=\toks16
\inpenc@posthook=\toks17
) (/nix/store/if9hzswfxb11y6jlqd9kvxd9a8117ld3-texlive-combined-2022-texmfdist/tex/latex/base/fontenc.sty
Package: fontenc 2021/04/29 v2.0v Standard LaTeX package
) (/nix/store/if9hzswfxb11y6jlqd9kvxd9a8117ld3-texlive-combined-2022-texmfdist/tex/latex/eurosym/eurosym.sty
Package: eurosym 1998/08/06 v1.1 European currency symbol ``Euro''
\@eurobox=\box51
) (/nix/store/if9hzswfxb11y6jlqd9kvxd9a8117ld3-texlive-combined-2022-texmfdist/tex/latex/titlesec/titlesec.sty
Package: titlesec 2021/07/05 v2.14 Sectioning titles
\ttl@box=\box52
\beforetitleunit=\skip50
\aftertitleunit=\skip51
\ttl@plus=\dimen141
\ttl@minus=\dimen142
\ttl@toksa=\toks18
\titlewidth=\dimen143
\titlewidthlast=\dimen144
\titlewidthfirst=\dimen145
) (/nix/store/if9hzswfxb11y6jlqd9kvxd9a8117ld3-texlive-combined-2022-texmfdist/tex/latex/blindtext/blindtext.sty
Package: blindtext 2012/01/06 V2.0 blindtext-Package
 (/nix/store/if9hzswfxb11y6jlqd9kvxd9a8117ld3-texlive-combined-2022-texmfdist/tex/latex/tools/xspace.sty
Package: xspace 2014/10/28 v1.13 Space after command names (DPC,MH)
)
\c@blindtext=\count194
\c@Blindtext=\count195
\c@blind@countparstart=\count196
\blind@countxx=\count197
\blindtext@numBlindtext=\count198
\blind@countyy=\count199
\c@blindlist=\count266
\c@blindlistlevel=\count267
\c@blindlist@level=\count268
\blind@listitem=\count269
\c@blind@listcount=\count270
\c@blind@levelcount=\count271
\blind@mathformula=\count272
\blind@Mathformula=\count273
\c@blind@randomcount=\count274
\c@blind@randommax=\count275
\c@blind@pangramcount=\count276
\c@blind@pangrammax=\count277
) (/nix/store/if9hzswfxb11y6jlqd9kvxd9a8117ld3-texlive-combined-2022-texmfdist/tex/latex/listings/listings.sty (/nix/store/if9hzswfxb11y6jlqd9kvxd9a8117ld3-texlive-combined-2022-texmfdist/tex/latex/graphics/keyval.sty
Package: keyval 2022/05/29 v1.15 key=value parser (DPC)
\KV@toks@=\toks19
)
\lst@mode=\count278
\lst@gtempboxa=\box53
\lst@token=\toks20
\lst@length=\count279
\lst@currlwidth=\dimen146
\lst@column=\count280
\lst@pos=\count281
\lst@lostspace=\dimen147
\lst@width=\dimen148
\lst@newlines=\count282
\lst@lineno=\count283
\lst@maxwidth=\dimen149
 (/nix/store/if9hzswfxb11y6jlqd9kvxd9a8117ld3-texlive-combined-2022-texmfdist/tex/latex/listings/lstmisc.sty
File: lstmisc.sty 2023/02/27 1.9 (Carsten Heinz)
\c@lstnumber=\count284
\lst@skipnumbers=\count285
\lst@framebox=\box54
) (/nix/store/if9hzswfxb11y6jlqd9kvxd9a8117ld3-texlive-combined-2022-texmfdist/tex/latex/listings/listings.cfg
File: listings.cfg 2023/02/27 1.9 listings configuration
))
Package: listings 2023/02/27 1.9 (Carsten Heinz)
 (/nix/store/if9hzswfxb11y6jlqd9kvxd9a8117ld3-texlive-combined-2022-texmfdist/tex/latex/geometry/geometry.sty
Package: geometry 2020/01/02 v5.9 Page Geometry
 (/nix/store/if9hzswfxb11y6jlqd9kvxd9a8117ld3-texlive-combined-2022-texmfdist/tex/generic/iftex/ifvtex.sty
Package: ifvtex 2019/10/25 v1.7 ifvtex legacy package. Use iftex instead.
 (/nix/store/if9hzswfxb11y6jlqd9kvxd9a8117ld3-texlive-combined-2022-texmfdist/tex/generic/iftex/iftex.sty
Package: iftex 2022/02/03 v1.0f TeX engine tests
))
\Gm@cnth=\count286
\Gm@cntv=\count287
\c@Gm@tempcnt=\count288
\Gm@bindingoffset=\dimen150
\Gm@wd@mp=\dimen151
\Gm@odd@mp=\dimen152
\Gm@even@mp=\dimen153
\Gm@layoutwidth=\dimen154
\Gm@layoutheight=\dimen155
\Gm@layouthoffset=\dimen156
\Gm@layoutvoffset=\dimen157
\Gm@dimlist=\toks21
) (/nix/store/if9hzswfxb11y6jlqd9kvxd9a8117ld3-texlive-combined-2022-texmfdist/tex/latex/graphics/graphicx.sty
Package: graphicx 2021/09/16 v1.2d Enhanced LaTeX Graphics (DPC,SPQR)
 (/nix/store/if9hzswfxb11y6jlqd9kvxd9a8117ld3-texlive-combined-2022-texmfdist/tex/latex/graphics/graphics.sty
Package: graphics 2022/03/10 v1.4e Standard LaTeX Graphics (DPC,SPQR)
 (/nix/store/if9hzswfxb11y6jlqd9kvxd9a8117ld3-texlive-combined-2022-texmfdist/tex/latex/graphics/trig.sty
Package: trig 2021/08/11 v1.11 sin cos tan (DPC)
) (/nix/store/if9hzswfxb11y6jlqd9kvxd9a8117ld3-texlive-combined-2022-texmfdist/tex/latex/graphics-cfg/graphics.cfg
File: graphics.cfg 2016/06/04 v1.11 sample graphics configuration
)
Package graphics Info: Driver file: pdftex.def on input line 107.
)
\Gin@req@height=\dimen158
\Gin@req@width=\dimen159
) (/nix/store/if9hzswfxb11y6jlqd9kvxd9a8117ld3-texlive-combined-2022-texmfdist/tex/latex/fancyhdr/fancyhdr.sty
Package: fancyhdr 2022/11/09 v4.1 Extensive control of page headers and footers
\f@nch@headwidth=\skip52
\f@nch@O@elh=\skip53
\f@nch@O@erh=\skip54
\f@nch@O@olh=\skip55
\f@nch@O@orh=\skip56
\f@nch@O@elf=\skip57
\f@nch@O@erf=\skip58
\f@nch@O@olf=\skip59
\f@nch@O@orf=\skip60
)
(/nix/store/if9hzswfxb11y6jlqd9kvxd9a8117ld3-texlive-combined-2022-texmfdist/tex/latex/footmisc/footmisc.sty
Package: footmisc 2022/03/08 v6.0d a miscellany of footnote facilities
\FN@temptoken=\toks22
\footnotemargin=\dimen160
\@outputbox@depth=\dimen161
Package footmisc Info: Declaring symbol style bringhurst on input line 695.
Package footmisc Info: Declaring symbol style chicago on input line 703.
Package footmisc Info: Declaring symbol style wiley on input line 712.
Package footmisc Info: Declaring symbol style lamport-robust on input line 723.
Package footmisc Info: Declaring symbol style lamport* on input line 743.
Package footmisc Info: Declaring symbol style lamport*-robust on input line 764.
) (/nix/store/if9hzswfxb11y6jlqd9kvxd9a8117ld3-texlive-combined-2022-texmfdist/tex/latex/mdframed/mdframed.sty
Package: mdframed 2013/07/01 1.9b: mdframed
 (/nix/store/if9hzswfxb11y6jlqd9kvxd9a8117ld3-texlive-combined-2022-texmfdist/tex/latex/kvoptions/kvoptions.sty
Package: kvoptions 2022-06-15 v3.15 Key value format for package options (HO)
 (/nix/store/if9hzswfxb11y6jlqd9kvxd9a8117ld3-texlive-combined-2022-texmfdist/tex/generic/ltxcmds/ltxcmds.sty
Package: ltxcmds 2020-05-10 v1.25 LaTeX kernel commands for general use (HO)
) (/nix/store/if9hzswfxb11y6jlqd9kvxd9a8117ld3-texlive-combined-2022-texmfdist/tex/latex/kvsetkeys/kvsetkeys.sty
Package: kvsetkeys 2022-10-05 v1.19 Key value parser (HO)
)) (/nix/store/if9hzswfxb11y6jlqd9kvxd9a8117ld3-texlive-combined-2022-texmfdist/tex/latex/l3packages/xparse/xparse.sty (/nix/store/if9hzswfxb11y6jlqd9kvxd9a8117ld3-texlive-combined-2022-texmfdist/tex/latex/l3kernel/expl3.sty
Package: expl3 2023-02-22 L3 programming layer (loader) 
 (/nix/store/if9hzswfxb11y6jlqd9kvxd9a8117ld3-texlive-combined-2022-texmfdist/tex/latex/l3backend/l3backend-pdftex.def
File: l3backend-pdftex.def 2023-01-16 L3 backend support: PDF output (pdfTeX)
\l__color_backend_stack_int=\count289
\l__pdf_internal_box=\box55
))
Package: xparse 2023-02-02 L3 Experimental document command parser
) (/nix/store/if9hzswfxb11y6jlqd9kvxd9a8117ld3-texlive-combined-2022-texmfdist/tex/latex/etoolbox/etoolbox.sty
Package: etoolbox 2020/10/05 v2.5k e-TeX tools for LaTeX (JAW)
\etb@tempcnta=\count290
) (/nix/store/if9hzswfxb11y6jlqd9kvxd9a8117ld3-texlive-combined-2022-texmfdist/tex/latex/zref/zref-abspage.sty
Package: zref-abspage 2022-04-07 v2.34 Module abspage for zref (HO)
 (/nix/store/if9hzswfxb11y6jlqd9kvxd9a8117ld3-texlive-combined-2022-texmfdist/tex/latex/zref/zref-base.sty
Package: zref-base 2022-04-07 v2.34 Module base for zref (HO)
 (/nix/store/if9hzswfxb11y6jlqd9kvxd9a8117ld3-texlive-combined-2022-texmfdist/tex/generic/infwarerr/infwarerr.sty
Package: infwarerr 2019/12/03 v1.5 Providing info/warning/error messages (HO)
) (/nix/store/if9hzswfxb11y6jlqd9kvxd9a8117ld3-texlive-combined-2022-texmfdist/tex/generic/kvdefinekeys/kvdefinekeys.sty
Package: kvdefinekeys 2019-12-19 v1.6 Define keys (HO)
) (/nix/store/if9hzswfxb11y6jlqd9kvxd9a8117ld3-texlive-combined-2022-texmfdist/tex/generic/pdftexcmds/pdftexcmds.sty
Package: pdftexcmds 2020-06-27 v0.33 Utility functions of pdfTeX for LuaTeX (HO)
Package pdftexcmds Info: \pdf@primitive is available.
Package pdftexcmds Info: \pdf@ifprimitive is available.
Package pdftexcmds Info: \pdfdraftmode found.
) (/nix/store/if9hzswfxb11y6jlqd9kvxd9a8117ld3-texlive-combined-2022-texmfdist/tex/generic/etexcmds/etexcmds.sty
Package: etexcmds 2019/12/15 v1.7 Avoid name clashes with e-TeX commands (HO)
) (/nix/store/if9hzswfxb11y6jlqd9kvxd9a8117ld3-texlive-combined-2022-texmfdist/tex/latex/auxhook/auxhook.sty
Package: auxhook 2019-12-17 v1.6 Hooks for auxiliary files (HO)
)
Package zref Info: New property list: main on input line 767.
Package zref Info: New property: default on input line 768.
Package zref Info: New property: page on input line 769.
) (/nix/store/if9hzswfxb11y6jlqd9kvxd9a8117ld3-texlive-combined-2022-texmfdist/tex/latex/base/atbegshi-ltx.sty
Package: atbegshi-ltx 2021/01/10 v1.0c Emulation of the original atbegshi
package with kernel methods
)
\c@abspage=\count291
Package zref Info: New property: abspage on input line 65.
)
(/nix/store/if9hzswfxb11y6jlqd9kvxd9a8117ld3-texlive-combined-2022-texmfdist/tex/latex/needspace/needspace.sty
Package: needspace 2010/09/12 v1.3d reserve vertical space
)
\mdf@templength=\skip61
\c@mdf@globalstyle@cnt=\count292
\mdf@skipabove@length=\skip62
\mdf@skipbelow@length=\skip63
\mdf@leftmargin@length=\skip64
\mdf@rightmargin@length=\skip65
\mdf@innerleftmargin@length=\skip66
\mdf@innerrightmargin@length=\skip67
\mdf@innertopmargin@length=\skip68
\mdf@innerbottommargin@length=\skip69
\mdf@splittopskip@length=\skip70
\mdf@splitbottomskip@length=\skip71
\mdf@outermargin@length=\skip72
\mdf@innermargin@length=\skip73
\mdf@linewidth@length=\skip74
\mdf@innerlinewidth@length=\skip75
\mdf@middlelinewidth@length=\skip76
\mdf@outerlinewidth@length=\skip77
\mdf@roundcorner@length=\skip78
\mdf@footenotedistance@length=\skip79
\mdf@userdefinedwidth@length=\skip80
\mdf@needspace@length=\skip81
\mdf@frametitleaboveskip@length=\skip82
\mdf@frametitlebelowskip@length=\skip83
\mdf@frametitlerulewidth@length=\skip84
\mdf@frametitleleftmargin@length=\skip85
\mdf@frametitlerightmargin@length=\skip86
\mdf@shadowsize@length=\skip87
\mdf@extratopheight@length=\skip88
\mdf@subtitleabovelinewidth@length=\skip89
\mdf@subtitlebelowlinewidth@length=\skip90
\mdf@subtitleaboveskip@length=\skip91
\mdf@subtitlebelowskip@length=\skip92
\mdf@subtitleinneraboveskip@length=\skip93
\mdf@subtitleinnerbelowskip@length=\skip94
\mdf@subsubtitleabovelinewidth@length=\skip95
\mdf@subsubtitlebelowlinewidth@length=\skip96
\mdf@subsubtitleaboveskip@length=\skip97
\mdf@subsubtitlebelowskip@length=\skip98
\mdf@subsubtitleinneraboveskip@length=\skip99
\mdf@subsubtitleinnerbelowskip@length=\skip100
 (/nix/store/if9hzswfxb11y6jlqd9kvxd9a8117ld3-texlive-combined-2022-texmfdist/tex/latex/pgf/frontendlayer/tikz.sty (/nix/store/if9hzswfxb11y6jlqd9kvxd9a8117ld3-texlive-combined-2022-texmfdist/tex/latex/pgf/basiclayer/pgf.sty (/nix/store/if9hzswfxb11y6jlqd9kvxd9a8117ld3-texlive-combined-2022-texmfdist/tex/latex/pgf/utilities/pgfrcs.sty (/nix/store/if9hzswfxb11y6jlqd9kvxd9a8117ld3-texlive-combined-2022-texmfdist/tex/generic/pgf/utilities/pgfutil-common.tex
\pgfutil@everybye=\toks23
\pgfutil@tempdima=\dimen162
\pgfutil@tempdimb=\dimen163
) (/nix/store/if9hzswfxb11y6jlqd9kvxd9a8117ld3-texlive-combined-2022-texmfdist/tex/generic/pgf/utilities/pgfutil-latex.def
\pgfutil@abb=\box56
) (/nix/store/if9hzswfxb11y6jlqd9kvxd9a8117ld3-texlive-combined-2022-texmfdist/tex/generic/pgf/utilities/pgfrcs.code.tex (/nix/store/if9hzswfxb11y6jlqd9kvxd9a8117ld3-texlive-combined-2022-texmfdist/tex/generic/pgf/pgf.revision.tex)
Package: pgfrcs 2023-01-15 v3.1.10 (3.1.10)
))
Package: pgf 2023-01-15 v3.1.10 (3.1.10)
 (/nix/store/if9hzswfxb11y6jlqd9kvxd9a8117ld3-texlive-combined-2022-texmfdist/tex/latex/pgf/basiclayer/pgfcore.sty (/nix/store/if9hzswfxb11y6jlqd9kvxd9a8117ld3-texlive-combined-2022-texmfdist/tex/latex/pgf/systemlayer/pgfsys.sty (/nix/store/if9hzswfxb11y6jlqd9kvxd9a8117ld3-texlive-combined-2022-texmfdist/tex/generic/pgf/systemlayer/pgfsys.code.tex
Package: pgfsys 2023-01-15 v3.1.10 (3.1.10)
 (/nix/store/if9hzswfxb11y6jlqd9kvxd9a8117ld3-texlive-combined-2022-texmfdist/tex/generic/pgf/utilities/pgfkeys.code.tex
\pgfkeys@pathtoks=\toks24
\pgfkeys@temptoks=\toks25
 (/nix/store/if9hzswfxb11y6jlqd9kvxd9a8117ld3-texlive-combined-2022-texmfdist/tex/generic/pgf/utilities/pgfkeyslibraryfiltered.code.tex
\pgfkeys@tmptoks=\toks26
))
\pgf@x=\dimen164
\pgf@y=\dimen165
\pgf@xa=\dimen166
\pgf@ya=\dimen167
\pgf@xb=\dimen168
\pgf@yb=\dimen169
\pgf@xc=\dimen170
\pgf@yc=\dimen171
\pgf@xd=\dimen172
\pgf@yd=\dimen173
\w@pgf@writea=\write3
\r@pgf@reada=\read2
\c@pgf@counta=\count293
\c@pgf@countb=\count294
\c@pgf@countc=\count295
\c@pgf@countd=\count296
\t@pgf@toka=\toks27
\t@pgf@tokb=\toks28
\t@pgf@tokc=\toks29
\pgf@sys@id@count=\count297
 (/nix/store/if9hzswfxb11y6jlqd9kvxd9a8117ld3-texlive-combined-2022-texmfdist/tex/generic/pgf/systemlayer/pgf.cfg
File: pgf.cfg 2023-01-15 v3.1.10 (3.1.10)
)
Driver file for pgf: pgfsys-pdftex.def
 (/nix/store/if9hzswfxb11y6jlqd9kvxd9a8117ld3-texlive-combined-2022-texmfdist/tex/generic/pgf/systemlayer/pgfsys-pdftex.def
File: pgfsys-pdftex.def 2023-01-15 v3.1.10 (3.1.10)
 (/nix/store/if9hzswfxb11y6jlqd9kvxd9a8117ld3-texlive-combined-2022-texmfdist/tex/generic/pgf/systemlayer/pgfsys-common-pdf.def
File: pgfsys-common-pdf.def 2023-01-15 v3.1.10 (3.1.10)
)))
(/nix/store/if9hzswfxb11y6jlqd9kvxd9a8117ld3-texlive-combined-2022-texmfdist/tex/generic/pgf/systemlayer/pgfsyssoftpath.code.tex
File: pgfsyssoftpath.code.tex 2023-01-15 v3.1.10 (3.1.10)
\pgfsyssoftpath@smallbuffer@items=\count298
\pgfsyssoftpath@bigbuffer@items=\count299
) (/nix/store/if9hzswfxb11y6jlqd9kvxd9a8117ld3-texlive-combined-2022-texmfdist/tex/generic/pgf/systemlayer/pgfsysprotocol.code.tex
File: pgfsysprotocol.code.tex 2023-01-15 v3.1.10 (3.1.10)
)) (/nix/store/if9hzswfxb11y6jlqd9kvxd9a8117ld3-texlive-combined-2022-texmfdist/tex/generic/pgf/basiclayer/pgfcore.code.tex
Package: pgfcore 2023-01-15 v3.1.10 (3.1.10)
 (/nix/store/if9hzswfxb11y6jlqd9kvxd9a8117ld3-texlive-combined-2022-texmfdist/tex/generic/pgf/math/pgfmath.code.tex (/nix/store/if9hzswfxb11y6jlqd9kvxd9a8117ld3-texlive-combined-2022-texmfdist/tex/generic/pgf/math/pgfmathutil.code.tex) (/nix/store/if9hzswfxb11y6jlqd9kvxd9a8117ld3-texlive-combined-2022-texmfdist/tex/generic/pgf/math/pgfmathparser.code.tex
\pgfmath@dimen=\dimen174
\pgfmath@count=\count300
\pgfmath@box=\box57
\pgfmath@toks=\toks30
\pgfmath@stack@operand=\toks31
\pgfmath@stack@operation=\toks32
) (/nix/store/if9hzswfxb11y6jlqd9kvxd9a8117ld3-texlive-combined-2022-texmfdist/tex/generic/pgf/math/pgfmathfunctions.code.tex) (/nix/store/if9hzswfxb11y6jlqd9kvxd9a8117ld3-texlive-combined-2022-texmfdist/tex/generic/pgf/math/pgfmathfunctions.basic.code.tex) (/nix/store/if9hzswfxb11y6jlqd9kvxd9a8117ld3-texlive-combined-2022-texmfdist/tex/generic/pgf/math/pgfmathfunctions.trigonometric.code.tex) (/nix/store/if9hzswfxb11y6jlqd9kvxd9a8117ld3-texlive-combined-2022-texmfdist/tex/generic/pgf/math/pgfmathfunctions.random.code.tex) (/nix/store/if9hzswfxb11y6jlqd9kvxd9a8117ld3-texlive-combined-2022-texmfdist/tex/generic/pgf/math/pgfmathfunctions.comparison.code.tex) (/nix/store/if9hzswfxb11y6jlqd9kvxd9a8117ld3-texlive-combined-2022-texmfdist/tex/generic/pgf/math/pgfmathfunctions.base.code.tex) (/nix/store/if9hzswfxb11y6jlqd9kvxd9a8117ld3-texlive-combined-2022-texmfdist/tex/generic/pgf/math/pgfmathfunctions.round.code.tex) (/nix/store/if9hzswfxb11y6jlqd9kvxd9a8117ld3-texlive-combined-2022-texmfdist/tex/generic/pgf/math/pgfmathfunctions.misc.code.tex) (/nix/store/if9hzswfxb11y6jlqd9kvxd9a8117ld3-texlive-combined-2022-texmfdist/tex/generic/pgf/math/pgfmathfunctions.integerarithmetics.code.tex)
(/nix/store/if9hzswfxb11y6jlqd9kvxd9a8117ld3-texlive-combined-2022-texmfdist/tex/generic/pgf/math/pgfmathcalc.code.tex) (/nix/store/if9hzswfxb11y6jlqd9kvxd9a8117ld3-texlive-combined-2022-texmfdist/tex/generic/pgf/math/pgfmathfloat.code.tex
\c@pgfmathroundto@lastzeros=\count301
)) (/nix/store/if9hzswfxb11y6jlqd9kvxd9a8117ld3-texlive-combined-2022-texmfdist/tex/generic/pgf/math/pgfint.code.tex) (/nix/store/if9hzswfxb11y6jlqd9kvxd9a8117ld3-texlive-combined-2022-texmfdist/tex/generic/pgf/basiclayer/pgfcorepoints.code.tex
File: pgfcorepoints.code.tex 2023-01-15 v3.1.10 (3.1.10)
\pgf@picminx=\dimen175
\pgf@picmaxx=\dimen176
\pgf@picminy=\dimen177
\pgf@picmaxy=\dimen178
\pgf@pathminx=\dimen179
\pgf@pathmaxx=\dimen180
\pgf@pathminy=\dimen181
\pgf@pathmaxy=\dimen182
\pgf@xx=\dimen183
\pgf@xy=\dimen184
\pgf@yx=\dimen185
\pgf@yy=\dimen186
\pgf@zx=\dimen187
\pgf@zy=\dimen188
) (/nix/store/if9hzswfxb11y6jlqd9kvxd9a8117ld3-texlive-combined-2022-texmfdist/tex/generic/pgf/basiclayer/pgfcorepathconstruct.code.tex
File: pgfcorepathconstruct.code.tex 2023-01-15 v3.1.10 (3.1.10)
\pgf@path@lastx=\dimen189
\pgf@path@lasty=\dimen190
) (/nix/store/if9hzswfxb11y6jlqd9kvxd9a8117ld3-texlive-combined-2022-texmfdist/tex/generic/pgf/basiclayer/pgfcorepathusage.code.tex
File: pgfcorepathusage.code.tex 2023-01-15 v3.1.10 (3.1.10)
\pgf@shorten@end@additional=\dimen191
\pgf@shorten@start@additional=\dimen192
) (/nix/store/if9hzswfxb11y6jlqd9kvxd9a8117ld3-texlive-combined-2022-texmfdist/tex/generic/pgf/basiclayer/pgfcorescopes.code.tex
File: pgfcorescopes.code.tex 2023-01-15 v3.1.10 (3.1.10)
\pgfpic=\box58
\pgf@hbox=\box59
\pgf@layerbox@main=\box60
\pgf@picture@serial@count=\count302
) (/nix/store/if9hzswfxb11y6jlqd9kvxd9a8117ld3-texlive-combined-2022-texmfdist/tex/generic/pgf/basiclayer/pgfcoregraphicstate.code.tex
File: pgfcoregraphicstate.code.tex 2023-01-15 v3.1.10 (3.1.10)
\pgflinewidth=\dimen193
) (/nix/store/if9hzswfxb11y6jlqd9kvxd9a8117ld3-texlive-combined-2022-texmfdist/tex/generic/pgf/basiclayer/pgfcoretransformations.code.tex
File: pgfcoretransformations.code.tex 2023-01-15 v3.1.10 (3.1.10)
\pgf@pt@x=\dimen194
\pgf@pt@y=\dimen195
\pgf@pt@temp=\dimen196
) (/nix/store/if9hzswfxb11y6jlqd9kvxd9a8117ld3-texlive-combined-2022-texmfdist/tex/generic/pgf/basiclayer/pgfcorequick.code.tex
File: pgfcorequick.code.tex 2023-01-15 v3.1.10 (3.1.10)
) (/nix/store/if9hzswfxb11y6jlqd9kvxd9a8117ld3-texlive-combined-2022-texmfdist/tex/generic/pgf/basiclayer/pgfcoreobjects.code.tex
File: pgfcoreobjects.code.tex 2023-01-15 v3.1.10 (3.1.10)
) (/nix/store/if9hzswfxb11y6jlqd9kvxd9a8117ld3-texlive-combined-2022-texmfdist/tex/generic/pgf/basiclayer/pgfcorepathprocessing.code.tex
File: pgfcorepathprocessing.code.tex 2023-01-15 v3.1.10 (3.1.10)
) (/nix/store/if9hzswfxb11y6jlqd9kvxd9a8117ld3-texlive-combined-2022-texmfdist/tex/generic/pgf/basiclayer/pgfcorearrows.code.tex
File: pgfcorearrows.code.tex 2023-01-15 v3.1.10 (3.1.10)
\pgfarrowsep=\dimen197
) (/nix/store/if9hzswfxb11y6jlqd9kvxd9a8117ld3-texlive-combined-2022-texmfdist/tex/generic/pgf/basiclayer/pgfcoreshade.code.tex
File: pgfcoreshade.code.tex 2023-01-15 v3.1.10 (3.1.10)
\pgf@max=\dimen198
\pgf@sys@shading@range@num=\count303
\pgf@shadingcount=\count304
) (/nix/store/if9hzswfxb11y6jlqd9kvxd9a8117ld3-texlive-combined-2022-texmfdist/tex/generic/pgf/basiclayer/pgfcoreimage.code.tex
File: pgfcoreimage.code.tex 2023-01-15 v3.1.10 (3.1.10)
)
(/nix/store/if9hzswfxb11y6jlqd9kvxd9a8117ld3-texlive-combined-2022-texmfdist/tex/generic/pgf/basiclayer/pgfcoreexternal.code.tex
File: pgfcoreexternal.code.tex 2023-01-15 v3.1.10 (3.1.10)
\pgfexternal@startupbox=\box61
) (/nix/store/if9hzswfxb11y6jlqd9kvxd9a8117ld3-texlive-combined-2022-texmfdist/tex/generic/pgf/basiclayer/pgfcorelayers.code.tex
File: pgfcorelayers.code.tex 2023-01-15 v3.1.10 (3.1.10)
) (/nix/store/if9hzswfxb11y6jlqd9kvxd9a8117ld3-texlive-combined-2022-texmfdist/tex/generic/pgf/basiclayer/pgfcoretransparency.code.tex
File: pgfcoretransparency.code.tex 2023-01-15 v3.1.10 (3.1.10)
) (/nix/store/if9hzswfxb11y6jlqd9kvxd9a8117ld3-texlive-combined-2022-texmfdist/tex/generic/pgf/basiclayer/pgfcorepatterns.code.tex
File: pgfcorepatterns.code.tex 2023-01-15 v3.1.10 (3.1.10)
) (/nix/store/if9hzswfxb11y6jlqd9kvxd9a8117ld3-texlive-combined-2022-texmfdist/tex/generic/pgf/basiclayer/pgfcorerdf.code.tex
File: pgfcorerdf.code.tex 2023-01-15 v3.1.10 (3.1.10)
))) (/nix/store/if9hzswfxb11y6jlqd9kvxd9a8117ld3-texlive-combined-2022-texmfdist/tex/generic/pgf/modules/pgfmoduleshapes.code.tex
File: pgfmoduleshapes.code.tex 2023-01-15 v3.1.10 (3.1.10)
\pgfnodeparttextbox=\box62
) (/nix/store/if9hzswfxb11y6jlqd9kvxd9a8117ld3-texlive-combined-2022-texmfdist/tex/generic/pgf/modules/pgfmoduleplot.code.tex
File: pgfmoduleplot.code.tex 2023-01-15 v3.1.10 (3.1.10)
) (/nix/store/if9hzswfxb11y6jlqd9kvxd9a8117ld3-texlive-combined-2022-texmfdist/tex/latex/pgf/compatibility/pgfcomp-version-0-65.sty
Package: pgfcomp-version-0-65 2023-01-15 v3.1.10 (3.1.10)
\pgf@nodesepstart=\dimen199
\pgf@nodesepend=\dimen256
) (/nix/store/if9hzswfxb11y6jlqd9kvxd9a8117ld3-texlive-combined-2022-texmfdist/tex/latex/pgf/compatibility/pgfcomp-version-1-18.sty
Package: pgfcomp-version-1-18 2023-01-15 v3.1.10 (3.1.10)
)) (/nix/store/if9hzswfxb11y6jlqd9kvxd9a8117ld3-texlive-combined-2022-texmfdist/tex/latex/pgf/utilities/pgffor.sty (/nix/store/if9hzswfxb11y6jlqd9kvxd9a8117ld3-texlive-combined-2022-texmfdist/tex/latex/pgf/utilities/pgfkeys.sty (/nix/store/if9hzswfxb11y6jlqd9kvxd9a8117ld3-texlive-combined-2022-texmfdist/tex/generic/pgf/utilities/pgfkeys.code.tex)) (/nix/store/if9hzswfxb11y6jlqd9kvxd9a8117ld3-texlive-combined-2022-texmfdist/tex/latex/pgf/math/pgfmath.sty (/nix/store/if9hzswfxb11y6jlqd9kvxd9a8117ld3-texlive-combined-2022-texmfdist/tex/generic/pgf/math/pgfmath.code.tex)) (/nix/store/if9hzswfxb11y6jlqd9kvxd9a8117ld3-texlive-combined-2022-texmfdist/tex/generic/pgf/utilities/pgffor.code.tex
Package: pgffor 2023-01-15 v3.1.10 (3.1.10)
\pgffor@iter=\dimen257
\pgffor@skip=\dimen258
\pgffor@stack=\toks33
\pgffor@toks=\toks34
)) (/nix/store/if9hzswfxb11y6jlqd9kvxd9a8117ld3-texlive-combined-2022-texmfdist/tex/generic/pgf/frontendlayer/tikz/tikz.code.tex
Package: tikz 2023-01-15 v3.1.10 (3.1.10)

(/nix/store/if9hzswfxb11y6jlqd9kvxd9a8117ld3-texlive-combined-2022-texmfdist/tex/generic/pgf/libraries/pgflibraryplothandlers.code.tex
File: pgflibraryplothandlers.code.tex 2023-01-15 v3.1.10 (3.1.10)
\pgf@plot@mark@count=\count305
\pgfplotmarksize=\dimen259
)
\tikz@lastx=\dimen260
\tikz@lasty=\dimen261
\tikz@lastxsaved=\dimen262
\tikz@lastysaved=\dimen263
\tikz@lastmovetox=\dimen264
\tikz@lastmovetoy=\dimen265
\tikzleveldistance=\dimen266
\tikzsiblingdistance=\dimen267
\tikz@figbox=\box63
\tikz@figbox@bg=\box64
\tikz@tempbox=\box65
\tikz@tempbox@bg=\box66
\tikztreelevel=\count306
\tikznumberofchildren=\count307
\tikznumberofcurrentchild=\count308
\tikz@fig@count=\count309
 (/nix/store/if9hzswfxb11y6jlqd9kvxd9a8117ld3-texlive-combined-2022-texmfdist/tex/generic/pgf/modules/pgfmodulematrix.code.tex
File: pgfmodulematrix.code.tex 2023-01-15 v3.1.10 (3.1.10)
\pgfmatrixcurrentrow=\count310
\pgfmatrixcurrentcolumn=\count311
\pgf@matrix@numberofcolumns=\count312
)
\tikz@expandcount=\count313
 (/nix/store/if9hzswfxb11y6jlqd9kvxd9a8117ld3-texlive-combined-2022-texmfdist/tex/generic/pgf/frontendlayer/tikz/libraries/tikzlibrarytopaths.code.tex
File: tikzlibrarytopaths.code.tex 2023-01-15 v3.1.10 (3.1.10)
))) (/nix/store/if9hzswfxb11y6jlqd9kvxd9a8117ld3-texlive-combined-2022-texmfdist/tex/latex/mdframed/md-frame-1.mdf
File: md-frame-1.mdf 2013/07/01\ 1.9b: md-frame-1
)
\mdf@frametitlebox=\box67
\mdf@footnotebox=\box68
\mdf@splitbox@one=\box69
\mdf@splitbox@two=\box70
\mdf@splitbox@save=\box71
\mdfsplitboxwidth=\skip101
\mdfsplitboxtotalwidth=\skip102
\mdfsplitboxheight=\skip103
\mdfsplitboxdepth=\skip104
\mdfsplitboxtotalheight=\skip105
\mdfframetitleboxwidth=\skip106
\mdfframetitleboxtotalwidth=\skip107
\mdfframetitleboxheight=\skip108
\mdfframetitleboxdepth=\skip109
\mdfframetitleboxtotalheight=\skip110
\mdffootnoteboxwidth=\skip111
\mdffootnoteboxtotalwidth=\skip112
\mdffootnoteboxheight=\skip113
\mdffootnoteboxdepth=\skip114
\mdffootnoteboxtotalheight=\skip115
\mdftotallinewidth=\skip116
\mdfboundingboxwidth=\skip117
\mdfboundingboxtotalwidth=\skip118
\mdfboundingboxheight=\skip119
\mdfboundingboxdepth=\skip120
\mdfboundingboxtotalheight=\skip121
\mdf@freevspace@length=\skip122
\mdf@horizontalwidthofbox@length=\skip123
\mdf@verticalmarginwhole@length=\skip124
\mdf@horizontalspaceofbox=\skip125
\mdfsubtitleheight=\skip126
\mdfsubsubtitleheight=\skip127
\c@mdfcountframes=\count314

****** mdframed patching \endmdf@trivlist

****** -- success******

\mdf@envdepth=\count315
\c@mdf@env@i=\count316
\c@mdf@env@ii=\count317
\c@mdf@zref@counter=\count318
Package zref Info: New property: mdf@pagevalue on input line 895.
) (/nix/store/if9hzswfxb11y6jlqd9kvxd9a8117ld3-texlive-combined-2022-texmfdist/tex/latex/parskip/parskip.sty
Package: parskip 2021-03-14 v2.0h non-zero parskip adjustments
) (/nix/store/if9hzswfxb11y6jlqd9kvxd9a8117ld3-texlive-combined-2022-texmfdist/tex/latex/enumitem/enumitem.sty
Package: enumitem 2019/06/20 v3.9 Customized lists
\labelindent=\skip128
\enit@outerparindent=\dimen268
\enit@toks=\toks35
\enit@inbox=\box72
\enit@count@id=\count319
\enitdp@description=\count320
) (/nix/store/if9hzswfxb11y6jlqd9kvxd9a8117ld3-texlive-combined-2022-texmfdist/tex/latex/csquotes/csquotes.sty
Package: csquotes 2022-09-14 v5.2n context-sensitive quotations (JAW)
\csq@reset=\count321
\csq@gtype=\count322
\csq@glevel=\count323
\csq@qlevel=\count324
\csq@maxlvl=\count325
\csq@tshold=\count326
\csq@ltx@everypar=\toks36
 (/nix/store/if9hzswfxb11y6jlqd9kvxd9a8117ld3-texlive-combined-2022-texmfdist/tex/latex/csquotes/csquotes.def
File: csquotes.def 2022-09-14 v5.2n csquotes generic definitions (JAW)
)
Package csquotes Info: Trying to load configuration file 'csquotes.cfg'...
Package csquotes Info: ... configuration file loaded successfully.
 (/nix/store/if9hzswfxb11y6jlqd9kvxd9a8117ld3-texlive-combined-2022-texmfdist/tex/latex/csquotes/csquotes.cfg
File: csquotes.cfg 
)) (/nix/store/if9hzswfxb11y6jlqd9kvxd9a8117ld3-texlive-combined-2022-texmfdist/tex/latex/float/float.sty
Package: float 2001/11/08 v1.3d Float enhancements (AL)
\c@float@type=\count327
\float@exts=\toks37
\float@box=\box73
\@float@everytoks=\toks38
\@floatcapt=\box74
) (/nix/store/if9hzswfxb11y6jlqd9kvxd9a8117ld3-texlive-combined-2022-texmfdist/tex/latex/bbm-macros/bbm.sty
Package: bbm 1999/03/15 V 1.2 provides fonts for set symbols - TH
LaTeX Font Info:    Overwriting math alphabet `\mathbbm' in version `bold'
(Font)                  U/bbm/m/n --> U/bbm/bx/n on input line 33.
LaTeX Font Info:    Overwriting math alphabet `\mathbbmss' in version `bold'
(Font)                  U/bbmss/m/n --> U/bbmss/bx/n on input line 35.
) (/nix/store/if9hzswfxb11y6jlqd9kvxd9a8117ld3-texlive-combined-2022-texmfdist/tex/latex/tcolorbox/tcolorbox.sty
Package: tcolorbox 2023/02/12 version 6.0.1 text color boxes
 (/nix/store/if9hzswfxb11y6jlqd9kvxd9a8117ld3-texlive-combined-2022-texmfdist/tex/latex/tools/verbatim.sty
Package: verbatim 2022-07-02 v1.5u LaTeX2e package for verbatim enhancements
\every@verbatim=\toks39
\verbatim@line=\toks40
\verbatim@in@stream=\read3
) (/nix/store/if9hzswfxb11y6jlqd9kvxd9a8117ld3-texlive-combined-2022-texmfdist/tex/latex/environ/environ.sty
Package: environ 2014/05/04 v0.3 A new way to define environments
 (/nix/store/if9hzswfxb11y6jlqd9kvxd9a8117ld3-texlive-combined-2022-texmfdist/tex/latex/trimspaces/trimspaces.sty
Package: trimspaces 2009/09/17 v1.1 Trim spaces around a token list
)
\@envbody=\toks41
)
\tcb@titlebox=\box75
\tcb@upperbox=\box76
\tcb@lowerbox=\box77
\tcb@phantombox=\box78
\c@tcbbreakpart=\count328
\c@tcblayer=\count329
\c@tcolorbox@number=\count330
\tcb@temp=\box79
\tcb@temp=\box80
\tcb@temp=\box81
\tcb@temp=\box82
) (/nix/store/if9hzswfxb11y6jlqd9kvxd9a8117ld3-texlive-combined-2022-texmfdist/tex/latex/varwidth/varwidth.sty
Package: varwidth 2009/03/30 ver 0.92;  Variable-width minipages
\@vwid@box=\box83
\sift@deathcycles=\count331
\@vwid@loff=\dimen269
\@vwid@roff=\dimen270
) (/nix/store/if9hzswfxb11y6jlqd9kvxd9a8117ld3-texlive-combined-2022-texmfdist/tex/latex/base/latexsym.sty
Package: latexsym 1998/08/17 v2.2e Standard LaTeX package (lasy symbols)
\symlasy=\mathgroup4
LaTeX Font Info:    Overwriting symbol font `lasy' in version `bold'
(Font)                  U/lasy/m/n --> U/lasy/b/n on input line 52.
)
(/nix/store/if9hzswfxb11y6jlqd9kvxd9a8117ld3-texlive-combined-2022-texmfdist/tex/latex/tipa/tipa.sty
Package: tipa 2002/08/08 TIPA version 1.1
 (/nix/store/if9hzswfxb11y6jlqd9kvxd9a8117ld3-texlive-combined-2022-texmfdist/tex/latex/base/fontenc.sty
Package: fontenc 2021/04/29 v2.0v Standard LaTeX package
 (/nix/store/if9hzswfxb11y6jlqd9kvxd9a8117ld3-texlive-combined-2022-texmfdist/tex/latex/tipa/t3enc.def
File: t3enc.def 2001/12/31 T3 encoding
Now handling font encoding T3 ...
... no UTF-8 mapping file for font encoding T3
LaTeX Font Info:    Trying to load font information for T1+cmss on input line 357.
 (/nix/store/if9hzswfxb11y6jlqd9kvxd9a8117ld3-texlive-combined-2022-texmfdist/tex/latex/base/t1cmss.fd
File: t1cmss.fd 2022/07/10 v2.5l Standard LaTeX font definitions
)))) (/nix/store/if9hzswfxb11y6jlqd9kvxd9a8117ld3-texlive-combined-2022-texmfdist/tex/latex/biblatex/biblatex.sty
Package: biblatex 2023/03/05 v3.19 programmable bibliographies (PK/MW)
 (/nix/store/if9hzswfxb11y6jlqd9kvxd9a8117ld3-texlive-combined-2022-texmfdist/tex/latex/logreq/logreq.sty
Package: logreq 2010/08/04 v1.0 xml request logger
\lrq@indent=\count332
 (/nix/store/if9hzswfxb11y6jlqd9kvxd9a8117ld3-texlive-combined-2022-texmfdist/tex/latex/logreq/logreq.def
File: logreq.def 2010/08/04 v1.0 logreq spec v1.0
)) (/nix/store/if9hzswfxb11y6jlqd9kvxd9a8117ld3-texlive-combined-2022-texmfdist/tex/latex/base/ifthen.sty
Package: ifthen 2022/04/13 v1.1d Standard LaTeX ifthen package (DPC)
) (/nix/store/if9hzswfxb11y6jlqd9kvxd9a8117ld3-texlive-combined-2022-texmfdist/tex/latex/url/url.sty
\Urlmuskip=\muskip16
Package: url 2013/09/16  ver 3.4  Verb mode for urls, etc.
)
\c@tabx@nest=\count333
\c@listtotal=\count334
\c@listcount=\count335
\c@liststart=\count336
\c@liststop=\count337
\c@citecount=\count338
\c@citetotal=\count339
\c@multicitecount=\count340
\c@multicitetotal=\count341
\c@instcount=\count342
\c@maxnames=\count343
\c@minnames=\count344
\c@maxitems=\count345
\c@minitems=\count346
\c@citecounter=\count347
\c@maxcitecounter=\count348
\c@savedcitecounter=\count349
\c@uniquelist=\count350
\c@uniquename=\count351
\c@refsection=\count352
\c@refsegment=\count353
\c@maxextratitle=\count354
\c@maxextratitleyear=\count355
\c@maxextraname=\count356
\c@maxextradate=\count357
\c@maxextraalpha=\count358
\c@abbrvpenalty=\count359
\c@highnamepenalty=\count360
\c@lownamepenalty=\count361
\c@maxparens=\count362
\c@parenlevel=\count363
\blx@tempcnta=\count364
\blx@tempcntb=\count365
\blx@tempcntc=\count366
\c@blx@maxsection=\count367
\blx@maxsegment@0=\count368
\blx@notetype=\count369
\blx@parenlevel@text=\count370
\blx@parenlevel@foot=\count371
\blx@sectionciteorder@0=\count372
\blx@sectionciteorderinternal@0=\count373
\blx@entrysetcounter=\count374
\blx@biblioinstance=\count375
\labelnumberwidth=\skip129
\labelalphawidth=\skip130
\biblabelsep=\skip131
\bibitemsep=\skip132
\bibnamesep=\skip133
\bibinitsep=\skip134
\bibparsep=\skip135
\bibhang=\skip136
\blx@bcfin=\read4
\blx@bcfout=\write4
\blx@langwohyphens=\language3
\c@mincomprange=\count376
\c@maxcomprange=\count377
\c@mincompwidth=\count378
Package biblatex Info: Trying to load biblatex default data model...
Package biblatex Info: ... file 'blx-dm.def' found.
 (/nix/store/if9hzswfxb11y6jlqd9kvxd9a8117ld3-texlive-combined-2022-texmfdist/tex/latex/biblatex/blx-dm.def
File: blx-dm.def 2023/03/05 v3.19 biblatex localization (PK/MW)
)
Package biblatex Info: Trying to load biblatex style data model...
Package biblatex Info: ... file 'numeric.dbx' not found.
Package biblatex Info: Trying to load biblatex custom data model...
Package biblatex Info: ... file 'biblatex-dm.cfg' not found.
\c@afterword=\count379
\c@savedafterword=\count380
\c@annotator=\count381
\c@savedannotator=\count382
\c@author=\count383
\c@savedauthor=\count384
\c@bookauthor=\count385
\c@savedbookauthor=\count386
\c@commentator=\count387
\c@savedcommentator=\count388
\c@editor=\count389
\c@savededitor=\count390
\c@editora=\count391
\c@savededitora=\count392
\c@editorb=\count393
\c@savededitorb=\count394
\c@editorc=\count395
\c@savededitorc=\count396
\c@foreword=\count397
\c@savedforeword=\count398
\c@holder=\count399
\c@savedholder=\count400
\c@introduction=\count401
\c@savedintroduction=\count402
\c@namea=\count403
\c@savednamea=\count404
\c@nameb=\count405
\c@savednameb=\count406
\c@namec=\count407
\c@savednamec=\count408
\c@translator=\count409
\c@savedtranslator=\count410
\c@shortauthor=\count411
\c@savedshortauthor=\count412
\c@shorteditor=\count413
\c@savedshorteditor=\count414
\c@labelname=\count415
\c@savedlabelname=\count416
\c@institution=\count417
\c@savedinstitution=\count418
\c@lista=\count419
\c@savedlista=\count420
\c@listb=\count421
\c@savedlistb=\count422
\c@listc=\count423
\c@savedlistc=\count424
\c@listd=\count425
\c@savedlistd=\count426
\c@liste=\count427
\c@savedliste=\count428
\c@listf=\count429
\c@savedlistf=\count430
\c@location=\count431
\c@savedlocation=\count432
\c@organization=\count433
\c@savedorganization=\count434
\c@origlocation=\count435
\c@savedoriglocation=\count436
\c@origpublisher=\count437
\c@savedorigpublisher=\count438
\c@publisher=\count439
\c@savedpublisher=\count440
\c@language=\count441
\c@savedlanguage=\count442
\c@origlanguage=\count443
\c@savedoriglanguage=\count444
\c@pageref=\count445
\c@savedpageref=\count446
\shorthandwidth=\skip137
\shortjournalwidth=\skip138
\shortserieswidth=\skip139
\shorttitlewidth=\skip140
\shortauthorwidth=\skip141
\shorteditorwidth=\skip142
\locallabelnumberwidth=\skip143
\locallabelalphawidth=\skip144
\localshorthandwidth=\skip145
\localshortjournalwidth=\skip146
\localshortserieswidth=\skip147
\localshorttitlewidth=\skip148
\localshortauthorwidth=\skip149
\localshorteditorwidth=\skip150
Package biblatex Info: Trying to load compatibility code...
Package biblatex Info: ... file 'blx-compat.def' found.
 (/nix/store/if9hzswfxb11y6jlqd9kvxd9a8117ld3-texlive-combined-2022-texmfdist/tex/latex/biblatex/blx-compat.def
File: blx-compat.def 2023/03/05 v3.19 biblatex compatibility (PK/MW)
)
Package biblatex Info: Trying to load BibTeX backend compatibility...
Package biblatex Info: ... file 'blx-bibtex.def' found.
 (/nix/store/if9hzswfxb11y6jlqd9kvxd9a8117ld3-texlive-combined-2022-texmfdist/tex/latex/biblatex/blx-bibtex.def
File: blx-bibtex.def 2023/03/05 v3.19 biblatex compatibility (PK/MW)


Package biblatex Warning: Using fall-back bibtex backend:
(biblatex)                functionality may be reduced/unavailable.

)
Package biblatex Info: Trying to load generic definitions...
Package biblatex Info: ... file 'biblatex.def' found.
 (/nix/store/if9hzswfxb11y6jlqd9kvxd9a8117ld3-texlive-combined-2022-texmfdist/tex/latex/biblatex/biblatex.def
File: biblatex.def 2023/03/05 v3.19 biblatex compatibility (PK/MW)
\c@textcitecount=\count447
\c@textcitetotal=\count448
\c@textcitemaxnames=\count449
\c@biburlbigbreakpenalty=\count450
\c@biburlbreakpenalty=\count451
\c@biburlnumpenalty=\count452
\c@biburlucpenalty=\count453
\c@biburllcpenalty=\count454
\biburlbigskip=\muskip17
\biburlnumskip=\muskip18
\biburlucskip=\muskip19
\biburllcskip=\muskip20
\c@smartand=\count455
)
Package biblatex Info: Trying to load bibliography style 'numeric'...
Package biblatex Info: ... file 'numeric.bbx' found.
 (/nix/store/if9hzswfxb11y6jlqd9kvxd9a8117ld3-texlive-combined-2022-texmfdist/tex/latex/biblatex/bbx/numeric.bbx
File: numeric.bbx 2023/03/05 v3.19 biblatex bibliography style (PK/MW)
Package biblatex Info: Trying to load bibliography style 'standard'...
Package biblatex Info: ... file 'standard.bbx' found.
 (/nix/store/if9hzswfxb11y6jlqd9kvxd9a8117ld3-texlive-combined-2022-texmfdist/tex/latex/biblatex/bbx/standard.bbx
File: standard.bbx 2023/03/05 v3.19 biblatex bibliography style (PK/MW)
\c@bbx:relatedcount=\count456
\c@bbx:relatedtotal=\count457
))
Package biblatex Info: Trying to load citation style 'numeric'...
Package biblatex Info: ... file 'numeric.cbx' found.
 (/nix/store/if9hzswfxb11y6jlqd9kvxd9a8117ld3-texlive-combined-2022-texmfdist/tex/latex/biblatex/cbx/numeric.cbx
File: numeric.cbx 2023/03/05 v3.19 biblatex citation style (PK/MW)
Package biblatex Info: Redefining '\cite'.
Package biblatex Info: Redefining '\parencite'.
Package biblatex Info: Redefining '\footcite'.
Package biblatex Info: Redefining '\footcitetext'.
Package biblatex Info: Redefining '\smartcite'.
Package biblatex Info: Redefining '\supercite'.
Package biblatex Info: Redefining '\textcite'.
Package biblatex Info: Redefining '\textcites'.
Package biblatex Info: Redefining '\cites'.
Package biblatex Info: Redefining '\parencites'.
Package biblatex Info: Redefining '\smartcites'.
)
Package biblatex Info: Trying to load configuration file...
Package biblatex Info: ... file 'biblatex.cfg' found.
 (/nix/store/if9hzswfxb11y6jlqd9kvxd9a8117ld3-texlive-combined-2022-texmfdist/tex/latex/biblatex/biblatex.cfg
File: biblatex.cfg 
)
Package biblatex Info: Input encoding 'utf8' detected.
Package biblatex Info: Document encoding is UTF8 ....
Package biblatex Info: ... and expl3
(biblatex)             2023-02-22 L3 programming layer (loader) 
(biblatex)             is new enough (at least 2020/04/06),
(biblatex)             setting 'casechanger=expl3'.
 (/nix/store/if9hzswfxb11y6jlqd9kvxd9a8117ld3-texlive-combined-2022-texmfdist/tex/latex/biblatex/blx-case-expl3.sty
Package: blx-case-expl3 2023/03/05 v3.19 expl3 case changing code for biblatex
)) (/nix/store/if9hzswfxb11y6jlqd9kvxd9a8117ld3-texlive-combined-2022-texmfdist/tex/latex/amsmath/amsmath.sty
Package: amsmath 2022/04/08 v2.17n AMS math features
\@mathmargin=\skip151

For additional information on amsmath, use the `?' option.
(/nix/store/if9hzswfxb11y6jlqd9kvxd9a8117ld3-texlive-combined-2022-texmfdist/tex/latex/amsmath/amstext.sty
Package: amstext 2021/08/26 v2.01 AMS text
 (/nix/store/if9hzswfxb11y6jlqd9kvxd9a8117ld3-texlive-combined-2022-texmfdist/tex/latex/amsmath/amsgen.sty
File: amsgen.sty 1999/11/30 v2.0 generic functions
\@emptytoks=\toks42
\ex@=\dimen271
)) (/nix/store/if9hzswfxb11y6jlqd9kvxd9a8117ld3-texlive-combined-2022-texmfdist/tex/latex/amsmath/amsbsy.sty
Package: amsbsy 1999/11/29 v1.2d Bold Symbols
\pmbraise@=\dimen272
) (/nix/store/if9hzswfxb11y6jlqd9kvxd9a8117ld3-texlive-combined-2022-texmfdist/tex/latex/amsmath/amsopn.sty
Package: amsopn 2022/04/08 v2.04 operator names
)
\inf@bad=\count458
LaTeX Info: Redefining \frac on input line 234.
\uproot@=\count459
\leftroot@=\count460
LaTeX Info: Redefining \overline on input line 399.
LaTeX Info: Redefining \colon on input line 410.
\classnum@=\count461
\DOTSCASE@=\count462
LaTeX Info: Redefining \ldots on input line 496.
LaTeX Info: Redefining \dots on input line 499.
LaTeX Info: Redefining \cdots on input line 620.
\Mathstrutbox@=\box84
\strutbox@=\box85
LaTeX Info: Redefining \big on input line 722.
LaTeX Info: Redefining \Big on input line 723.
LaTeX Info: Redefining \bigg on input line 724.
LaTeX Info: Redefining \Bigg on input line 725.
\big@size=\dimen273
LaTeX Font Info:    Redeclaring font encoding OML on input line 743.
LaTeX Font Info:    Redeclaring font encoding OMS on input line 744.
\macc@depth=\count463
LaTeX Info: Redefining \bmod on input line 905.
LaTeX Info: Redefining \pmod on input line 910.
LaTeX Info: Redefining \smash on input line 940.
LaTeX Info: Redefining \relbar on input line 970.
LaTeX Info: Redefining \Relbar on input line 971.
\c@MaxMatrixCols=\count464
\dotsspace@=\muskip21
\c@parentequation=\count465
\dspbrk@lvl=\count466
\tag@help=\toks43
\row@=\count467
\column@=\count468
\maxfields@=\count469
\andhelp@=\toks44
\eqnshift@=\dimen274
\alignsep@=\dimen275
\tagshift@=\dimen276
\tagwidth@=\dimen277
\totwidth@=\dimen278
\lineht@=\dimen279
\@envbody=\toks45
\multlinegap=\skip152
\multlinetaggap=\skip153
\mathdisplay@stack=\toks46
LaTeX Info: Redefining \[ on input line 2953.
LaTeX Info: Redefining \] on input line 2954.
) (/nix/store/if9hzswfxb11y6jlqd9kvxd9a8117ld3-texlive-combined-2022-texmfdist/tex/latex/amscls/amsthm.sty
Package: amsthm 2020/05/29 v2.20.6
\thm@style=\toks47
\thm@bodyfont=\toks48
\thm@headfont=\toks49
\thm@notefont=\toks50
\thm@headpunct=\toks51
\thm@preskip=\skip154
\thm@postskip=\skip155
\thm@headsep=\skip156
\dth@everypar=\toks52
) (/nix/store/if9hzswfxb11y6jlqd9kvxd9a8117ld3-texlive-combined-2022-texmfdist/tex/latex/amsfonts/amssymb.sty
Package: amssymb 2013/01/14 v3.01 AMS font symbols
 (/nix/store/if9hzswfxb11y6jlqd9kvxd9a8117ld3-texlive-combined-2022-texmfdist/tex/latex/amsfonts/amsfonts.sty
Package: amsfonts 2013/01/14 v3.01 Basic AMSFonts support
\symAMSa=\mathgroup5
\symAMSb=\mathgroup6
LaTeX Font Info:    Redeclaring math symbol \hbar on input line 98.
LaTeX Font Info:    Overwriting math alphabet `\mathfrak' in version `bold'
(Font)                  U/euf/m/n --> U/euf/b/n on input line 106.
)) (/nix/store/if9hzswfxb11y6jlqd9kvxd9a8117ld3-texlive-combined-2022-texmfdist/tex/latex/tools/bm.sty
Package: bm 2022/01/05 v1.2f Bold Symbol Support (DPC/FMi)
\symboldoperators=\mathgroup7
\symboldletters=\mathgroup8
\symboldsymbols=\mathgroup9
Package bm Info: No bold for \OMX/cmex/m/n, using \pmb.
\symboldlasy=\mathgroup10
Package bm Info: No bold for \U/msa/m/n, using \pmb.
Package bm Info: No bold for \U/msb/m/n, using \pmb.
LaTeX Font Info:    Redeclaring math alphabet \mathbf on input line 149.
) (/nix/store/if9hzswfxb11y6jlqd9kvxd9a8117ld3-texlive-combined-2022-texmfdist/tex/latex/esint/esint.sty
Package: esint 
\symlargesymbolsA=\mathgroup11
) (/nix/store/if9hzswfxb11y6jlqd9kvxd9a8117ld3-texlive-combined-2022-texmfdist/tex/latex/nicematrix/nicematrix.sty (/nix/store/if9hzswfxb11y6jlqd9kvxd9a8117ld3-texlive-combined-2022-texmfdist/tex/latex/l3packages/l3keys2e/l3keys2e.sty
Package: l3keys2e 2023-02-02 LaTeX2e option processing using LaTeX3 keys
)
Package: nicematrix 2023/03/06 v6.16 Enhanced arrays with the help of PGF/TikZ
 (/nix/store/if9hzswfxb11y6jlqd9kvxd9a8117ld3-texlive-combined-2022-texmfdist/tex/latex/tools/array.sty
Package: array 2022/09/04 v2.5g Tabular extension package (FMi)
\col@sep=\dimen280
\ar@mcellbox=\box86
\extrarowheight=\dimen281
\NC@list=\toks53
\extratabsurround=\skip157
\backup@length=\skip158
\ar@cellbox=\box87
)
\g__nicematrix_env_int=\count470
\g__nicematrix_NiceMatrixBlock_int=\count471
\l__nicematrix_note_in_caption_int=\count472
\l__nicematrix_columns_width_dim=\dimen282
\l__nicematrix_col_width_dim=\dimen283
\g__nicematrix_row_total_int=\count473
\g__nicematrix_col_total_int=\count474
\g__nicematrix_last_row_node_int=\count475
\l__nicematrix_key_nb_rows_int=\count476
\g__nicematrix_blocks_wd_dim=\dimen284
\g__nicematrix_blocks_ht_dim=\dimen285
\g__nicematrix_blocks_dp_dim=\dimen286
\l__nicematrix_width_dim=\dimen287
\l__nicematrix_tabular_width_dim=\dimen288
\l__nicematrix_rule_width_dim=\dimen289
\l__nicematrix_old_iRow_int=\count477
\l__nicematrix_old_jCol_int=\count478
\g__nicematrix_total_X_weight_int=\count479
\l__nicematrix_X_columns_dim=\dimen290
\l__nicematrix_x_initial_dim=\dimen291
\l__nicematrix_y_initial_dim=\dimen292
\l__nicematrix_x_final_dim=\dimen293
\l__nicematrix_y_final_dim=\dimen294
\l__nicematrix_tmpc_dim=\dimen295
\l__nicematrix_tmpd_dim=\dimen296
\g__nicematrix_width_last_col_dim=\dimen297
\g__nicematrix_width_first_col_dim=\dimen298
\l__nicematrix_row_min_int=\count480
\l__nicematrix_row_max_int=\count481
\l__nicematrix_col_min_int=\count482
\l__nicematrix_col_max_int=\count483
\g__nicematrix_static_num_of_col_int=\count484
\l__nicematrix_rounded_corners_dim=\dimen299
\l__nicematrix_line_width_dim=\dimen300
\g__nicematrix_block_box_int=\count485
\l__nicematrix_submatrix_extra_height_dim=\dimen301
\l__nicematrix_submatrix_left_xshift_dim=\dimen302
\l__nicematrix_submatrix_right_xshift_dim=\dimen303
\l__nicematrix_first_row_int=\count486
\l__nicematrix_first_col_int=\count487
\l__nicematrix_last_row_int=\count488
\l__nicematrix_last_col_int=\count489
\c@tabularnote=\count490
\c@nicematrix_draft=\count491
\l__nicematrix_cell_space_top_limit_dim=\dimen304
\l__nicematrix_cell_space_bottom_limit_dim=\dimen305
\l__nicematrix_xdots_inter_dim=\dimen306
\l__nicematrix_xdots_shorten_start_dim=\dimen307
\l__nicematrix_xdots_shorten_end_dim=\dimen308
\l__nicematrix_xdots_radius_dim=\dimen309
\l__nicematrix_notes_above_space_dim=\dimen310
\l__nicematrix_left_margin_dim=\dimen311
\l__nicematrix_right_margin_dim=\dimen312
\l__nicematrix_extra_left_margin_dim=\dimen313
\l__nicematrix_extra_right_margin_dim=\dimen314
\c__nicematrix_max_l_dim=\dimen315
\l__nicematrix_position_int=\count492
\l__nicematrix_start_int=\count493
\l__nicematrix_multiplicity_int=\count494
\l__nicematrix_brace_yshift_dim=\dimen316
) (/nix/store/if9hzswfxb11y6jlqd9kvxd9a8117ld3-texlive-combined-2022-texmfdist/tex/latex/stmaryrd/stmaryrd.sty
Package: stmaryrd 1994/03/03 St Mary's Road symbol package
\symstmry=\mathgroup12
LaTeX Font Info:    Overwriting symbol font `stmry' in version `bold'
(Font)                  U/stmry/m/n --> U/stmry/b/n on input line 89.
) (/nix/store/if9hzswfxb11y6jlqd9kvxd9a8117ld3-texlive-combined-2022-texmfdist/tex/latex/mathtools/mathtools.sty
Package: mathtools 2022/06/29 v1.29 mathematical typesetting tools
 (/nix/store/if9hzswfxb11y6jlqd9kvxd9a8117ld3-texlive-combined-2022-texmfdist/tex/latex/tools/calc.sty
Package: calc 2017/05/25 v4.3 Infix arithmetic (KKT,FJ)
\calc@Acount=\count495
\calc@Bcount=\count496
\calc@Adimen=\dimen317
\calc@Bdimen=\dimen318
\calc@Askip=\skip159
\calc@Bskip=\skip160
LaTeX Info: Redefining \setlength on input line 80.
LaTeX Info: Redefining \addtolength on input line 81.
\calc@Ccount=\count497
\calc@Cskip=\skip161
) (/nix/store/if9hzswfxb11y6jlqd9kvxd9a8117ld3-texlive-combined-2022-texmfdist/tex/latex/mathtools/mhsetup.sty
Package: mhsetup 2021/03/18 v1.4 programming setup (MH)
)
\g_MT_multlinerow_int=\count498
\l_MT_multwidth_dim=\dimen319
\origjot=\skip162
\l_MT_shortvdotswithinadjustabove_dim=\dimen320
\l_MT_shortvdotswithinadjustbelow_dim=\dimen321
\l_MT_above_intertext_sep=\dimen322
\l_MT_below_intertext_sep=\dimen323
\l_MT_above_shortintertext_sep=\dimen324
\l_MT_below_shortintertext_sep=\dimen325
\xmathstrut@box=\box88
\xmathstrut@dim=\dimen326
) (/nix/store/if9hzswfxb11y6jlqd9kvxd9a8117ld3-texlive-combined-2022-texmfdist/tex/latex/extarrows/extarrows.sty
Package: extarrows 2020/03/12 v1.2.0 Some extensible arrows
) (/nix/store/if9hzswfxb11y6jlqd9kvxd9a8117ld3-texlive-combined-2022-texmfdist/tex/latex/jknapltx/mathrsfs.sty
Package: mathrsfs 1996/01/01 Math RSFS package v1.0 (jk)
\symrsfs=\mathgroup13
)
(/nix/store/if9hzswfxb11y6jlqd9kvxd9a8117ld3-texlive-combined-2022-texmfdist/tex/latex/pgfplots/pgfplots.sty (/nix/store/if9hzswfxb11y6jlqd9kvxd9a8117ld3-texlive-combined-2022-texmfdist/tex/generic/pgfplots/pgfplots.revision.tex)
Package: pgfplots 2021/05/15 v1.18.1 Data Visualization (1.18.1)
 (/nix/store/if9hzswfxb11y6jlqd9kvxd9a8117ld3-texlive-combined-2022-texmfdist/tex/generic/pgfplots/pgfplots.code.tex (/nix/store/if9hzswfxb11y6jlqd9kvxd9a8117ld3-texlive-combined-2022-texmfdist/tex/generic/pgfplots/pgfplotscore.code.tex
\t@pgfplots@toka=\toks54
\t@pgfplots@tokb=\toks55
\t@pgfplots@tokc=\toks56
\pgfplots@tmpa=\dimen327
\c@pgfplots@coordindex=\count499
\c@pgfplots@scanlineindex=\count500
 (/nix/store/if9hzswfxb11y6jlqd9kvxd9a8117ld3-texlive-combined-2022-texmfdist/tex/generic/pgfplots/sys/pgfplotssysgeneric.code.tex)) (/nix/store/if9hzswfxb11y6jlqd9kvxd9a8117ld3-texlive-combined-2022-texmfdist/tex/generic/pgfplots/libs/pgfplotslibrary.code.tex) (/nix/store/if9hzswfxb11y6jlqd9kvxd9a8117ld3-texlive-combined-2022-texmfdist/tex/generic/pgfplots/oldpgfcompatib/pgfplotsoldpgfsupp_loader.code.tex (/nix/store/if9hzswfxb11y6jlqd9kvxd9a8117ld3-texlive-combined-2022-texmfdist/tex/generic/pgf/libraries/pgflibraryfpu.code.tex)
Package pgfplots: loading complementary utilities for your pgf version...
\t@pgf@toka=\toks57
\t@pgf@tokb=\toks58
\t@pgf@tokc=\toks59
(/nix/store/if9hzswfxb11y6jlqd9kvxd9a8117ld3-texlive-combined-2022-texmfdist/tex/generic/pgfplots/oldpgfcompatib/pgfplotsoldpgfsupp_pgfutil-common-lists.tex)) (/nix/store/if9hzswfxb11y6jlqd9kvxd9a8117ld3-texlive-combined-2022-texmfdist/tex/generic/pgfplots/util/pgfplotsutil.code.tex (/nix/store/if9hzswfxb11y6jlqd9kvxd9a8117ld3-texlive-combined-2022-texmfdist/tex/generic/pgfplots/liststructure/pgfplotsliststructure.code.tex) (/nix/store/if9hzswfxb11y6jlqd9kvxd9a8117ld3-texlive-combined-2022-texmfdist/tex/generic/pgfplots/liststructure/pgfplotsliststructureext.code.tex) (/nix/store/if9hzswfxb11y6jlqd9kvxd9a8117ld3-texlive-combined-2022-texmfdist/tex/generic/pgfplots/liststructure/pgfplotsarray.code.tex
\c@pgfplotsarray@tmp=\count501
) (/nix/store/if9hzswfxb11y6jlqd9kvxd9a8117ld3-texlive-combined-2022-texmfdist/tex/generic/pgfplots/liststructure/pgfplotsmatrix.code.tex) (/nix/store/if9hzswfxb11y6jlqd9kvxd9a8117ld3-texlive-combined-2022-texmfdist/tex/generic/pgfplots/numtable/pgfplotstableshared.code.tex
\c@pgfplotstable@counta=\count502
\t@pgfplotstable@a=\toks60
) (/nix/store/if9hzswfxb11y6jlqd9kvxd9a8117ld3-texlive-combined-2022-texmfdist/tex/generic/pgfplots/liststructure/pgfplotsdeque.code.tex) (/nix/store/if9hzswfxb11y6jlqd9kvxd9a8117ld3-texlive-combined-2022-texmfdist/tex/generic/pgfplots/util/pgfplotsbinary.code.tex (/nix/store/if9hzswfxb11y6jlqd9kvxd9a8117ld3-texlive-combined-2022-texmfdist/tex/generic/pgfplots/util/pgfplotsbinary.data.code.tex)) (/nix/store/if9hzswfxb11y6jlqd9kvxd9a8117ld3-texlive-combined-2022-texmfdist/tex/generic/pgfplots/util/pgfplotsutil.verb.code.tex) (/nix/store/if9hzswfxb11y6jlqd9kvxd9a8117ld3-texlive-combined-2022-texmfdist/tex/generic/pgfplots/libs/pgflibrarypgfplots.surfshading.code.tex
\c@pgfplotslibrarysurf@no=\count503
 (/nix/store/if9hzswfxb11y6jlqd9kvxd9a8117ld3-texlive-combined-2022-texmfdist/tex/generic/pgfplots/sys/pgflibrarypgfplots.surfshading.pgfsys-pdftex.def))) (/nix/store/if9hzswfxb11y6jlqd9kvxd9a8117ld3-texlive-combined-2022-texmfdist/tex/generic/pgfplots/util/pgfplotscolormap.code.tex
(/nix/store/if9hzswfxb11y6jlqd9kvxd9a8117ld3-texlive-combined-2022-texmfdist/tex/generic/pgfplots/util/pgfplotscolor.code.tex)) (/nix/store/if9hzswfxb11y6jlqd9kvxd9a8117ld3-texlive-combined-2022-texmfdist/tex/generic/pgfplots/pgfplotsstackedplots.code.tex) (/nix/store/if9hzswfxb11y6jlqd9kvxd9a8117ld3-texlive-combined-2022-texmfdist/tex/generic/pgfplots/pgfplotsplothandlers.code.tex (/nix/store/if9hzswfxb11y6jlqd9kvxd9a8117ld3-texlive-combined-2022-texmfdist/tex/generic/pgfplots/pgfplotsmeshplothandler.code.tex (/nix/store/if9hzswfxb11y6jlqd9kvxd9a8117ld3-texlive-combined-2022-texmfdist/tex/generic/pgfplots/pgfplotsmeshplotimage.code.tex))) (/nix/store/if9hzswfxb11y6jlqd9kvxd9a8117ld3-texlive-combined-2022-texmfdist/tex/generic/pgfplots/pgfplots.scaling.code.tex) (/nix/store/if9hzswfxb11y6jlqd9kvxd9a8117ld3-texlive-combined-2022-texmfdist/tex/generic/pgfplots/pgfplotscoordprocessing.code.tex) (/nix/store/if9hzswfxb11y6jlqd9kvxd9a8117ld3-texlive-combined-2022-texmfdist/tex/generic/pgfplots/pgfplots.errorbars.code.tex) (/nix/store/if9hzswfxb11y6jlqd9kvxd9a8117ld3-texlive-combined-2022-texmfdist/tex/generic/pgfplots/pgfplots.markers.code.tex) (/nix/store/if9hzswfxb11y6jlqd9kvxd9a8117ld3-texlive-combined-2022-texmfdist/tex/generic/pgfplots/pgfplotsticks.code.tex) (/nix/store/if9hzswfxb11y6jlqd9kvxd9a8117ld3-texlive-combined-2022-texmfdist/tex/generic/pgfplots/pgfplots.paths.code.tex) (/nix/store/if9hzswfxb11y6jlqd9kvxd9a8117ld3-texlive-combined-2022-texmfdist/tex/generic/pgf/frontendlayer/tikz/libraries/tikzlibrarydecorations.code.tex (/nix/store/if9hzswfxb11y6jlqd9kvxd9a8117ld3-texlive-combined-2022-texmfdist/tex/generic/pgf/modules/pgfmoduledecorations.code.tex
\pgfdecoratedcompleteddistance=\dimen328
\pgfdecoratedremainingdistance=\dimen329
\pgfdecoratedinputsegmentcompleteddistance=\dimen330
\pgfdecoratedinputsegmentremainingdistance=\dimen331
\pgf@decorate@distancetomove=\dimen332
\pgf@decorate@repeatstate=\count504
\pgfdecorationsegmentamplitude=\dimen333
\pgfdecorationsegmentlength=\dimen334
)
\tikz@lib@dec@box=\box89
) (/nix/store/if9hzswfxb11y6jlqd9kvxd9a8117ld3-texlive-combined-2022-texmfdist/tex/generic/pgf/frontendlayer/tikz/libraries/tikzlibrarydecorations.pathmorphing.code.tex
(/nix/store/if9hzswfxb11y6jlqd9kvxd9a8117ld3-texlive-combined-2022-texmfdist/tex/generic/pgf/libraries/decorations/pgflibrarydecorations.pathmorphing.code.tex)) (/nix/store/if9hzswfxb11y6jlqd9kvxd9a8117ld3-texlive-combined-2022-texmfdist/tex/generic/pgf/frontendlayer/tikz/libraries/tikzlibrarydecorations.pathreplacing.code.tex (/nix/store/if9hzswfxb11y6jlqd9kvxd9a8117ld3-texlive-combined-2022-texmfdist/tex/generic/pgf/libraries/decorations/pgflibrarydecorations.pathreplacing.code.tex)) (/nix/store/if9hzswfxb11y6jlqd9kvxd9a8117ld3-texlive-combined-2022-texmfdist/tex/generic/pgfplots/libs/tikzlibrarypgfplots.contourlua.code.tex)
\pgfplots@numplots=\count505
\pgfplots@xmin@reg=\dimen335
\pgfplots@xmax@reg=\dimen336
\pgfplots@ymin@reg=\dimen337
\pgfplots@ymax@reg=\dimen338
\pgfplots@zmin@reg=\dimen339
\pgfplots@zmax@reg=\dimen340
) (/nix/store/if9hzswfxb11y6jlqd9kvxd9a8117ld3-texlive-combined-2022-texmfdist/tex/generic/pgf/frontendlayer/tikz/libraries/tikzlibraryplotmarks.code.tex
File: tikzlibraryplotmarks.code.tex 2023-01-15 v3.1.10 (3.1.10)
 (/nix/store/if9hzswfxb11y6jlqd9kvxd9a8117ld3-texlive-combined-2022-texmfdist/tex/generic/pgf/libraries/pgflibraryplotmarks.code.tex
File: pgflibraryplotmarks.code.tex 2023-01-15 v3.1.10 (3.1.10)
))) (/nix/store/if9hzswfxb11y6jlqd9kvxd9a8117ld3-texlive-combined-2022-texmfdist/tex/latex/multirow/multirow.sty
Package: multirow 2021/03/15 v2.8 Span multiple rows of a table
\multirow@colwidth=\skip163
\multirow@cntb=\count506
\multirow@dima=\skip164
\bigstrutjot=\dimen341
)

! LaTeX Error: File `algorithm.sty' not found.

Type X to quit or <RETURN> to proceed,
or enter new name. (Default extension: sty)

Enter file name: 
../../packages/Nyx/nyx-packages.sty:72: Emergency stop.
<read *> 
         
l.72 \fi
        ^^M
*** (cannot \read from terminal in nonstop modes)

 
Here is how much of TeX's memory you used:
 40807 strings out of 477984
 999447 string characters out of 5835600
 1851388 words of memory out of 5000000
 60417 multiletter control sequences out of 15000+600000
 516400 words of font info for 38 fonts, out of 8000000 for 9000
 14 hyphenation exceptions out of 8191
 119i,0n,116p,1909b,609s stack positions out of 10000i,1000n,20000p,200000b,200000s
../../packages/Nyx/nyx-packages.sty:72:  ==> Fatal error occurred, no output PDF file produced!
